Verified existence of local and remote repos: Success
/local/mnt/workspace/automerge/actions-runner/_work/kernel-automation/kernel-automation/kernel-topics /local/mnt/workspace/automerge/actions-runner/_work/kernel-automation/kernel-automation/kernel-topics
Reuse-Recorded-Resolution: Enabled
Downloaded shared rerere cache
Local tree is clean
Removing old remotes ...
The remote kernel https://github.com/qualcomm-linux/kernel.git is no longer tracked.
Delete it [Y/n]? The remote origin https://github.com/qualcomm-linux/kernel-topics.git is no longer tracked.
Delete it [Y/n]? The remote trovalds https://git.kernel.org/pub/scm/linux/kernel/git/torvalds/linux.git is no longer tracked.
Delete it [Y/n]? Done, removed 3 old remote(s).
Adding new remotes...
Adding remote baseline https://github.com/qualcomm-linux/kernel.git qcom-next-staging
Updating baseline
Adding remote tech/bsp/clk https://github.com/qualcomm-linux/kernel-topics.git tech/bsp/clk
Updating tech/bsp/clk
Adding remote tech/bsp/interconnect https://github.com/qualcomm-linux/kernel-topics.git tech/bsp/interconnect
Updating tech/bsp/interconnect
Adding remote tech/mem/secure-buffer https://github.com/qualcomm-linux/kernel-topics.git tech/mem/secure-buffer
Updating tech/mem/secure-buffer
Adding remote tech/security/firmware-smc https://github.com/qualcomm-linux/kernel-topics.git tech/security/firmware-smc
Updating tech/security/firmware-smc
Adding remote tech/bsp/soc-infra https://github.com/qualcomm-linux/kernel-topics.git tech/bsp/soc-infra
Updating tech/bsp/soc-infra
Adding remote tech/debug/soc https://github.com/qualcomm-linux/kernel-topics.git tech/debug/soc
Updating tech/debug/soc
Adding remote tech/bsp/pinctrl https://github.com/qualcomm-linux/kernel-topics.git tech/bsp/pinctrl
Updating tech/bsp/pinctrl
Adding remote tech/bsp/remoteproc https://github.com/qualcomm-linux/kernel-topics.git tech/bsp/remoteproc
Updating tech/bsp/remoteproc
Adding remote tech/bus/peripherals https://github.com/qualcomm-linux/kernel-topics.git tech/bus/peripherals
Updating tech/bus/peripherals
Adding remote tech/bus/pci/all https://github.com/qualcomm-linux/kernel-topics.git tech/bus/pci/all
Updating tech/bus/pci/all
Adding remote tech/bus/pci/mhi https://github.com/qualcomm-linux/kernel-topics.git tech/bus/pci/mhi
Updating tech/bus/pci/mhi
Adding remote tech/bus/pci/phy https://github.com/qualcomm-linux/kernel-topics.git tech/bus/pci/phy
Updating tech/bus/pci/phy
Adding remote tech/bus/pci/pwrctl https://github.com/qualcomm-linux/kernel-topics.git tech/bus/pci/pwrctl
Updating tech/bus/pci/pwrctl
Adding remote tech/bus/usb/dwc https://github.com/qualcomm-linux/kernel-topics.git tech/bus/usb/dwc
Updating tech/bus/usb/dwc
Adding remote tech/bus/usb/gadget https://github.com/qualcomm-linux/kernel-topics.git tech/bus/usb/gadget
Updating tech/bus/usb/gadget
Adding remote tech/bus/usb/phy https://github.com/qualcomm-linux/kernel-topics.git tech/bus/usb/phy
Updating tech/bus/usb/phy
Adding remote tech/debug/eud https://github.com/qualcomm-linux/kernel-topics.git tech/debug/eud
Updating tech/debug/eud
Adding remote tech/debug/hwtracing https://github.com/qualcomm-linux/kernel-topics.git tech/debug/hwtracing
Updating tech/debug/hwtracing
Adding remote tech/debug/rdbg https://github.com/qualcomm-linux/kernel-topics.git tech/debug/rdbg
Updating tech/debug/rdbg
Adding remote tech/pmic/backlight https://github.com/qualcomm-linux/kernel-topics.git tech/pmic/backlight
Updating tech/pmic/backlight
Adding remote tech/pmic/mfd https://github.com/qualcomm-linux/kernel-topics.git tech/pmic/mfd
Updating tech/pmic/mfd
Adding remote tech/pmic/misc https://github.com/qualcomm-linux/kernel-topics.git tech/pmic/misc
Updating tech/pmic/misc
Adding remote tech/pmic/regulator https://github.com/qualcomm-linux/kernel-topics.git tech/pmic/regulator
Updating tech/pmic/regulator
Adding remote tech/pmic/supply https://github.com/qualcomm-linux/kernel-topics.git tech/pmic/supply
Updating tech/pmic/supply
Adding remote tech/mem/dma-buf https://github.com/qualcomm-linux/kernel-topics.git tech/mem/dma-buf
Updating tech/mem/dma-buf
Adding remote tech/mem/iommu https://github.com/qualcomm-linux/kernel-topics.git tech/mem/iommu
Updating tech/mem/iommu
Adding remote tech/mm/audio/all https://github.com/qualcomm-linux/kernel-topics.git tech/mm/audio/all
Updating tech/mm/audio/all
Adding remote tech/mm/audio/soundwire https://github.com/qualcomm-linux/kernel-topics.git tech/mm/audio/soundwire
Updating tech/mm/audio/soundwire
Adding remote tech/mm/camss https://github.com/qualcomm-linux/kernel-topics.git tech/mm/camss
Updating tech/mm/camss
Adding remote tech/mm/drm https://github.com/qualcomm-linux/kernel-topics.git tech/mm/drm
Updating tech/mm/drm
Adding remote tech/mm/fastrpc https://github.com/qualcomm-linux/kernel-topics.git tech/mm/fastrpc
Updating tech/mm/fastrpc
Adding remote tech/mm/phy https://github.com/qualcomm-linux/kernel-topics.git tech/mm/phy
Updating tech/mm/phy
Adding remote tech/mm/video https://github.com/qualcomm-linux/kernel-topics.git tech/mm/video
Updating tech/mm/video
Adding remote tech/mm/gpu https://github.com/qualcomm-linux/kernel-topics.git tech/mm/gpu
Updating tech/mm/gpu
Adding remote tech/mproc/rpmsg https://github.com/qualcomm-linux/kernel-topics.git tech/mproc/rpmsg
Updating tech/mproc/rpmsg
Adding remote tech/mproc/qmi https://github.com/qualcomm-linux/kernel-topics.git tech/mproc/qmi
Updating tech/mproc/qmi
Adding remote tech/net/ath https://github.com/qualcomm-linux/kernel-topics.git tech/net/ath
Updating tech/net/ath
Adding remote tech/net/eth https://github.com/qualcomm-linux/kernel-topics.git tech/net/eth
Updating tech/net/eth
Adding remote tech/net/rmnet https://github.com/qualcomm-linux/kernel-topics.git tech/net/rmnet
Updating tech/net/rmnet
Adding remote tech/net/qrtr https://github.com/qualcomm-linux/kernel-topics.git tech/net/qrtr
Updating tech/net/qrtr
Adding remote tech/net/phy https://github.com/qualcomm-linux/kernel-topics.git tech/net/phy
Updating tech/net/phy
Adding remote tech/net/bluetooth https://github.com/qualcomm-linux/kernel-topics.git tech/net/bluetooth
Updating tech/net/bluetooth
Adding remote tech/pm/opp https://github.com/qualcomm-linux/kernel-topics.git tech/pm/opp
Updating tech/pm/opp
Adding remote tech/pm/pmdomain https://github.com/qualcomm-linux/kernel-topics.git tech/pm/pmdomain
Updating tech/pm/pmdomain
Adding remote tech/pm/power https://github.com/qualcomm-linux/kernel-topics.git tech/pm/power
Updating tech/pm/power
Adding remote tech/pm/thermal https://github.com/qualcomm-linux/kernel-topics.git tech/pm/thermal
Updating tech/pm/thermal
Adding remote tech/security/crypto https://github.com/qualcomm-linux/kernel-topics.git tech/security/crypto
Updating tech/security/crypto
Adding remote tech/security/fscrypt https://github.com/qualcomm-linux/kernel-topics.git tech/security/fscrypt
Updating tech/security/fscrypt
Adding remote tech/security/ice https://github.com/qualcomm-linux/kernel-topics.git tech/security/ice
Updating tech/security/ice
Adding remote tech/storage/nvmem https://github.com/qualcomm-linux/kernel-topics.git tech/storage/nvmem
Updating tech/storage/nvmem
Adding remote tech/storage/phy https://github.com/qualcomm-linux/kernel-topics.git tech/storage/phy
Updating tech/storage/phy
Adding remote tech/storage/all https://github.com/qualcomm-linux/kernel-topics.git tech/storage/all
Updating tech/storage/all
Adding remote tech/virt/gunyah https://github.com/qualcomm-linux/kernel-topics.git tech/virt/gunyah
Updating tech/virt/gunyah
Adding remote tech/all/dt/qcs6490 https://github.com/qualcomm-linux/kernel-topics.git tech/all/dt/qcs6490
Updating tech/all/dt/qcs6490
Adding remote tech/all/dt/qcs9100 https://github.com/qualcomm-linux/kernel-topics.git tech/all/dt/qcs9100
Updating tech/all/dt/qcs9100
Adding remote tech/all/dt/qcs8300 https://github.com/qualcomm-linux/kernel-topics.git tech/all/dt/qcs8300
Updating tech/all/dt/qcs8300
Adding remote tech/all/dt/qcs615 https://github.com/qualcomm-linux/kernel-topics.git tech/all/dt/qcs615
Updating tech/all/dt/qcs615
Adding remote tech/all/dt/agatti https://github.com/qualcomm-linux/kernel-topics.git tech/all/dt/agatti
Updating tech/all/dt/agatti
Adding remote tech/all/dt/hamoa https://github.com/qualcomm-linux/kernel-topics.git tech/all/dt/hamoa
Updating tech/all/dt/hamoa
Adding remote tech/all/dt/glymur https://github.com/qualcomm-linux/kernel-topics.git tech/all/dt/glymur
Updating tech/all/dt/glymur
Adding remote tech/all/dt/kaanapali https://github.com/qualcomm-linux/kernel-topics.git tech/all/dt/kaanapali
Updating tech/all/dt/kaanapali
Adding remote tech/all/dt/pakala https://github.com/qualcomm-linux/kernel-topics.git tech/all/dt/pakala
Updating tech/all/dt/pakala
Adding remote tech/all/config https://github.com/qualcomm-linux/kernel-topics.git tech/all/config
Updating tech/all/config
Adding remote tech/overlay/dt https://github.com/qualcomm-linux/kernel-topics.git tech/overlay/dt
Updating tech/overlay/dt
Adding remote tech/all/workaround https://github.com/qualcomm-linux/kernel-topics.git tech/all/workaround
Updating tech/all/workaround
Adding remote tech/mproc/all https://github.com/qualcomm-linux/kernel-topics.git tech/mproc/all
Updating tech/mproc/all
Adding remote tech/noup/debug/all https://github.com/qualcomm-linux/kernel-topics.git tech/noup/debug/all
Updating tech/noup/debug/all
Adding remote tech/hwe/unoq https://github.com/qualcomm-linux/kernel-topics.git tech/hwe/unoq
Updating tech/hwe/unoq
Adding remote early/hwe/shikra/drivers https://github.com/qualcomm-linux/kernel-topics.git early/hwe/shikra/drivers
Updating early/hwe/shikra/drivers
Adding remote early/hwe/shikra/dt https://github.com/qualcomm-linux/kernel-topics.git early/hwe/shikra/dt
Updating early/hwe/shikra/dt
Done, added 71 new remote(s).
Updating the remotes ...
Updating tech/bsp/clk
Updating tech/bsp/interconnect
Updating tech/mem/secure-buffer
Updating tech/security/firmware-smc
Updating tech/bsp/soc-infra
Updating tech/debug/soc
Updating tech/bsp/pinctrl
Updating tech/bsp/remoteproc
Updating tech/bus/peripherals
Updating tech/bus/pci/all
Updating tech/bus/pci/mhi
Updating tech/bus/pci/phy
Updating tech/bus/pci/pwrctl
Updating tech/bus/usb/dwc
Updating tech/bus/usb/gadget
Updating tech/bus/usb/phy
Updating tech/debug/eud
Updating tech/debug/hwtracing
Updating tech/debug/rdbg
Updating tech/pmic/backlight
Updating tech/pmic/mfd
Updating tech/pmic/misc
Updating tech/pmic/regulator
Updating tech/pmic/supply
Updating tech/mem/dma-buf
Updating tech/mem/iommu
Updating tech/mm/audio/all
Updating tech/mm/audio/soundwire
Updating tech/mm/camss
Updating tech/mm/drm
Updating tech/mm/fastrpc
Updating tech/mm/phy
Updating tech/mm/video
Updating tech/mm/gpu
Updating tech/mproc/rpmsg
Updating tech/mproc/qmi
Updating tech/net/ath
Updating tech/net/eth
Updating tech/net/rmnet
Updating tech/net/qrtr
Updating tech/net/phy
Updating tech/net/bluetooth
Updating tech/pm/opp
Updating tech/pm/pmdomain
Updating tech/pm/power
Updating tech/pm/thermal
Updating tech/security/crypto
Updating tech/security/fscrypt
Updating tech/security/ice
Updating tech/storage/nvmem
Updating tech/storage/phy
Updating tech/storage/all
Updating tech/virt/gunyah
Updating tech/all/dt/qcs6490
Updating tech/all/dt/qcs9100
Updating tech/all/dt/qcs8300
Updating tech/all/dt/qcs615
Updating tech/all/dt/agatti
Updating tech/all/dt/hamoa
Updating tech/all/dt/glymur
Updating tech/all/dt/kaanapali
Updating tech/all/dt/pakala
Updating tech/all/config
Updating tech/overlay/dt
Updating tech/all/workaround
Updating tech/mproc/all
Updating tech/noup/debug/all
Updating tech/hwe/unoq
Updating early/hwe/shikra/drivers
Updating early/hwe/shikra/dt
Done, updated 0 remote(s).
Updating baseline ...
Fetching baseline
latest tag/id is c369299895a591d96745d6492d4888259b004a9e
Done, updated baseline.
Latest tag is c369299895a591d96745d6492d4888259b004a9e
Create a new integration branch based on c369299895a591d96745d6492d4888259b004a9e
Merging topic branches...
------------------------------------------
 ** Merging topic branch: tech/bsp/clk/tech/bsp/clk
Merge successful : tech/bsp/clk : 90af1d3e6dede77b7c2eb4aa2ee56677023aedb3 : 12
------------------------------------------
 ** Merging topic branch: tech/bsp/interconnect/tech/bsp/interconnect
Merge successful : tech/bsp/interconnect : 7d3a72c70998b3a0c25928ab7e61b4231467700d : 5
------------------------------------------
 ** Merging topic branch: tech/mem/secure-buffer/tech/mem/secure-buffer
Nothing to merge: Already up to date.
------------------------------------------
 ** Merging topic branch: tech/security/firmware-smc/tech/security/firmware-smc
Merge successful : tech/security/firmware-smc : a50984a91bb9d551ee48136ee2db90eca0929979 : 2
------------------------------------------
 ** Merging topic branch: tech/bsp/soc-infra/tech/bsp/soc-infra
Merge successful : tech/bsp/soc-infra : c793ce5e280bffeca61ab6cdf9ef058c3ad92a99 : 5
------------------------------------------
 ** Merging topic branch: tech/debug/soc/tech/debug/soc
Nothing to merge: Already up to date.
------------------------------------------
 ** Merging topic branch: tech/bsp/pinctrl/tech/bsp/pinctrl
Nothing to merge: Already up to date.
------------------------------------------
 ** Merging topic branch: tech/bsp/remoteproc/tech/bsp/remoteproc
Merge successful : tech/bsp/remoteproc : 11892a2d5628b4c7caaf9de0da4dfe445f61451f : 8
------------------------------------------
 ** Merging topic branch: tech/bus/peripherals/tech/bus/peripherals
Merge successful : tech/bus/peripherals : ed8e0046221ee21f09339762a543703e7f0edf79 : 3
------------------------------------------
 ** Merging topic branch: tech/bus/pci/all/tech/bus/pci/all
Merge successful : tech/bus/pci/all : 6a697f861422a7e8a1e0e189455baffdad08a9c1 : 6
------------------------------------------
 ** Merging topic branch: tech/bus/pci/mhi/tech/bus/pci/mhi
Merge successful : tech/bus/pci/mhi : fb9c1632f424ecdcd7fef1205499a1b64d477cdc : 1
------------------------------------------
 ** Merging topic branch: tech/bus/pci/phy/tech/bus/pci/phy
Merge failed, manual merge
No files need merging
[qcom-next 2e0a9fd4e350] Merge remote-tracking branch tech/bus/pci/phy into qcom-next
Merge successful : tech/bus/pci/phy : aaf8ef1234f456bd05343c235d7ad0b921a97220 : 4
------------------------------------------
 ** Merging topic branch: tech/bus/pci/pwrctl/tech/bus/pci/pwrctl
Nothing to merge: Already up to date.
------------------------------------------
 ** Merging topic branch: tech/bus/usb/dwc/tech/bus/usb/dwc
Merge successful : tech/bus/usb/dwc : 49ac8e0eb9656bdaa63dfa8431879f8fe6798742 : 2
------------------------------------------
 ** Merging topic branch: tech/bus/usb/gadget/tech/bus/usb/gadget
Nothing to merge: Already up to date.
------------------------------------------
 ** Merging topic branch: tech/bus/usb/phy/tech/bus/usb/phy
Merge successful : tech/bus/usb/phy : 4b0295a95fb1d7b7e2c6052883e8eb0a4620f7b5 : 17
------------------------------------------
 ** Merging topic branch: tech/debug/eud/tech/debug/eud
Nothing to merge: Already up to date.
------------------------------------------
 ** Merging topic branch: tech/debug/hwtracing/tech/debug/hwtracing
Merge successful : tech/debug/hwtracing : 87ae82d339bfcb4af6216f36d831240b42fe8d73 : 31
------------------------------------------
 ** Merging topic branch: tech/debug/rdbg/tech/debug/rdbg
Nothing to merge: Already up to date.
------------------------------------------
 ** Merging topic branch: tech/pmic/backlight/tech/pmic/backlight
Nothing to merge: Already up to date.
------------------------------------------
 ** Merging topic branch: tech/pmic/mfd/tech/pmic/mfd
Nothing to merge: Already up to date.
------------------------------------------
 ** Merging topic branch: tech/pmic/misc/tech/pmic/misc
Merge successful : tech/pmic/misc : e6525e383cf7a4fe2a6f0b5713045620ef6a9b91 : 9
------------------------------------------
 ** Merging topic branch: tech/pmic/regulator/tech/pmic/regulator
Merge successful : tech/pmic/regulator : 81fc8fbf0f0a02a7b2d855aee574b88bd7d59107 : 6
------------------------------------------
 ** Merging topic branch: tech/pmic/supply/tech/pmic/supply
Nothing to merge: Already up to date.
------------------------------------------
 ** Merging topic branch: tech/mem/dma-buf/tech/mem/dma-buf
Nothing to merge: Already up to date.
------------------------------------------
 ** Merging topic branch: tech/mem/iommu/tech/mem/iommu
Merge successful : tech/mem/iommu : 43dfdd1471b043f0b8240f9bc79b03f9fe63e598 : 4
------------------------------------------
 ** Merging topic branch: tech/mm/audio/all/tech/mm/audio/all
Merge successful : tech/mm/audio/all : ce7857463342c323441cb24edbea3a353fac20a5 : 10
------------------------------------------
 ** Merging topic branch: tech/mm/audio/soundwire/tech/mm/audio/soundwire
Nothing to merge: Already up to date.
------------------------------------------
 ** Merging topic branch: tech/mm/camss/tech/mm/camss
Merge successful : tech/mm/camss : ef80fadce4f21a59dc47963b82dd837fbaf27566 : 20
------------------------------------------
 ** Merging topic branch: tech/mm/drm/tech/mm/drm
Merge successful : tech/mm/drm : c378e046dfc8404eafae6aff81947bdd11c1dfe1 : 9
------------------------------------------
 ** Merging topic branch: tech/mm/fastrpc/tech/mm/fastrpc
Merge successful : tech/mm/fastrpc : c29b2a8795e0f64836ca9314837d167013d0699e : 5
------------------------------------------
 ** Merging topic branch: tech/mm/phy/tech/mm/phy
Nothing to merge: Already up to date.
------------------------------------------
 ** Merging topic branch: tech/mm/video/tech/mm/video
Merge successful : tech/mm/video : 947c848d2fa9533ce08f51d8825a1972a4110bd4 : 3
------------------------------------------
 ** Merging topic branch: tech/mm/gpu/tech/mm/gpu
Merge successful : tech/mm/gpu : 9c8e55ded527bf43ab608810515b6c74e251b99f : 2
------------------------------------------
 ** Merging topic branch: tech/mproc/rpmsg/tech/mproc/rpmsg
Nothing to merge: Already up to date.
------------------------------------------
 ** Merging topic branch: tech/mproc/qmi/tech/mproc/qmi
Nothing to merge: Already up to date.
------------------------------------------
 ** Merging topic branch: tech/net/ath/tech/net/ath
Merge successful : tech/net/ath : f8562ba7c0e1a81bdf56a29fe0caf2fee6c301fe : 2
------------------------------------------
 ** Merging topic branch: tech/net/eth/tech/net/eth
Merge successful : tech/net/eth : 49b156fb09e0950aab5d3b4d6f1a92a3a78766d1 : 1
------------------------------------------
 ** Merging topic branch: tech/net/rmnet/tech/net/rmnet
Nothing to merge: Already up to date.
------------------------------------------
 ** Merging topic branch: tech/net/qrtr/tech/net/qrtr
Merge successful : tech/net/qrtr : 64d75f7e2a793b65d86fd9b35f8d4c40595ba799 : 1
------------------------------------------
 ** Merging topic branch: tech/net/phy/tech/net/phy
Merge successful : tech/net/phy : a3602e9cbd3dd4519ddc446ddba1261fe4e156bd : 1
------------------------------------------
 ** Merging topic branch: tech/net/bluetooth/tech/net/bluetooth
Merge successful : tech/net/bluetooth : 45bd0756ae6c1c7113ca04465565bce389d73cbd : 2
------------------------------------------
 ** Merging topic branch: tech/pm/opp/tech/pm/opp
Nothing to merge: Already up to date.
------------------------------------------
 ** Merging topic branch: tech/pm/pmdomain/tech/pm/pmdomain
Nothing to merge: Already up to date.
------------------------------------------
 ** Merging topic branch: tech/pm/power/tech/pm/power
Merge successful : tech/pm/power : fe6575ed08cb354030bc2e85d873ec05913aa4e1 : 6
------------------------------------------
 ** Merging topic branch: tech/pm/thermal/tech/pm/thermal
Merge successful : tech/pm/thermal : 9bcb790274816660f5389744ad8591180692774e : 4
------------------------------------------
 ** Merging topic branch: tech/security/crypto/tech/security/crypto
Merge successful : tech/security/crypto : a6ce790e0668cc6f98549c390017c5d1be5d983d : 12
------------------------------------------
 ** Merging topic branch: tech/security/fscrypt/tech/security/fscrypt
Nothing to merge: Already up to date.
------------------------------------------
 ** Merging topic branch: tech/security/ice/tech/security/ice
Merge successful : tech/security/ice : 5184a0ec45bba44504d3f09f49cb25142f988403 : 15
------------------------------------------
 ** Merging topic branch: tech/storage/nvmem/tech/storage/nvmem
Nothing to merge: Already up to date.
------------------------------------------
 ** Merging topic branch: tech/storage/phy/tech/storage/phy
Nothing to merge: Already up to date.
------------------------------------------
 ** Merging topic branch: tech/storage/all/tech/storage/all
Merge successful : tech/storage/all : e254daed78f7b24bf852df097b78455ca142666a : 1
------------------------------------------
 ** Merging topic branch: tech/virt/gunyah/tech/virt/gunyah
Nothing to merge: Already up to date.
------------------------------------------
 ** Merging topic branch: tech/all/dt/qcs6490/tech/all/dt/qcs6490
Merge successful : tech/all/dt/qcs6490 : 3a9ead0b73bf07a8e83959a44e36d731081cec9b : 15
------------------------------------------
 ** Merging topic branch: tech/all/dt/qcs9100/tech/all/dt/qcs9100
Merge successful : tech/all/dt/qcs9100 : 5586aacbb055f02fa9989c1c3b587ec7e13d3b82 : 19
------------------------------------------
 ** Merging topic branch: tech/all/dt/qcs8300/tech/all/dt/qcs8300
Merge successful : tech/all/dt/qcs8300 : 37ae3467288572b7c48fe9e4f1761c8669f68639 : 21
------------------------------------------
 ** Merging topic branch: tech/all/dt/qcs615/tech/all/dt/qcs615
Merge successful : tech/all/dt/qcs615 : 8c583a93c3026f93e6044cabbdedf4429609e315 : 27
------------------------------------------
 ** Merging topic branch: tech/all/dt/agatti/tech/all/dt/agatti
Merge successful : tech/all/dt/agatti : c828f10cd2c53b7ff2cc061e73b239973ee17bc6 : 1
------------------------------------------
 ** Merging topic branch: tech/all/dt/hamoa/tech/all/dt/hamoa
Merge successful : tech/all/dt/hamoa : d2a1b9b920bea40ee40ecafb59775456c027bc37 : 27
------------------------------------------
 ** Merging topic branch: tech/all/dt/glymur/tech/all/dt/glymur
Merge successful : tech/all/dt/glymur : 3aa6f058d95da70702d42a820eba09bbc6b95050 : 23
------------------------------------------
 ** Merging topic branch: tech/all/dt/kaanapali/tech/all/dt/kaanapali
Merge failed, manual merge
No files need merging
[qcom-next af6fdcb9de3b] Merge remote-tracking branch tech/all/dt/kaanapali into qcom-next
Merge successful : tech/all/dt/kaanapali : bd309241c1a5817e1418b78c266df48886e4e6dd : 13
------------------------------------------
 ** Merging topic branch: tech/all/dt/pakala/tech/all/dt/pakala
Merge successful : tech/all/dt/pakala : 7bfc082859703275f737027cb772055d109f9045 : 4
------------------------------------------
 ** Merging topic branch: tech/all/config/tech/all/config
Merge successful : tech/all/config : b4a68142e3a1068ffd9c5b262185a4e087b7b2f6 : 52
------------------------------------------
 ** Merging topic branch: tech/overlay/dt/tech/overlay/dt
Merge failed, manual merge
No files need merging
[qcom-next 2755f3e4236f] Merge remote-tracking branch tech/overlay/dt into qcom-next
Merge successful : tech/overlay/dt : bbed7cfb3264aadc265375d97a95316c703ecb0f : 24
------------------------------------------
 ** Merging topic branch: tech/all/workaround/tech/all/workaround
Merge failed, manual merge
No files need merging
[qcom-next f07a5754bcfd] Merge remote-tracking branch tech/all/workaround into qcom-next
Merge successful : tech/all/workaround : 4753025ad4ffa4bcc0465bc0f8fa12595f464f8b : 11
------------------------------------------
 ** Merging topic branch: tech/mproc/all/tech/mproc/all
Merge successful : tech/mproc/all : eabd91e71290eab8529edcb342f0bccd7d94c08f : 4
------------------------------------------
 ** Merging topic branch: tech/noup/debug/all/tech/noup/debug/all
Merge successful : tech/noup/debug/all : 342aeb8c5a4125bff7f8431acf4b6f8b73920dd9 : 15
------------------------------------------
 ** Merging topic branch: tech/hwe/unoq/tech/hwe/unoq
Merge failed, manual merge
No files need merging
[qcom-next 47e93c76e092] Merge remote-tracking branch tech/hwe/unoq into qcom-next
Merge successful : tech/hwe/unoq : f22c83f08ef4c160a246573fed9a54ceaa7dfa00 : 16
------------------------------------------
 ** Merging topic branch: early/hwe/shikra/drivers/early/hwe/shikra/drivers
Merge successful : early/hwe/shikra/drivers : eead2c9da9194ea47aa97f5e4a07be803529c3de : 13
------------------------------------------
 ** Merging topic branch: early/hwe/shikra/dt/early/hwe/shikra/dt
Merge successful : early/hwe/shikra/dt : 445a2a93223d7c054bee6f640447f9aff477504c : 3
Done, merged 48 topic(s).
[main fdbbc64] New rr-cache entries from ci-merge
 2 files changed, 5744 insertions(+)
 create mode 100644 rr-cache/99839c91a45bfcee801607737b8189856f3cb12e/thisimage.1
